September 17, 2023 07:50:12PM	ross23	Signed up
September 17, 2023 07:51:30PM	ross23	Login
September 18, 2023 09:39:14AM	ross23	Logout
September 18, 2023 10:09:57AM	ross23	Logout
September 18, 2023 10:10:27AM	dendenden	Login
September 19, 2023 02:36:42AM	dendenden	Login
September 19, 2023 02:38:46AM	dendenden	Logout
September 19, 2023 12:05:37PM	ross23	Login
September 21, 2023 11:55:15AM	ross23	Login
September 21, 2023 12:11:20PM	ross23	Edited Account Details
September 21, 2023 12:12:09PM	ross23	Edited Account Details
September 21, 2023 02:38:54PM	ross23	Login
September 21, 2023 02:41:29PM	ross23	Login
September 21, 2023 02:51:26PM	ross23	Edited Account Details
September 21, 2023 02:51:34PM	ross23	Edited Account Details
September 21, 2023 02:58:03PM	ross23	Logout
September 24, 2023 03:12:47AM	dendenden	Login
September 24, 2023 03:18:25AM	dendenden	Login
September 24, 2023 03:28:48AM	dendenden	Logout
September 24, 2023 03:35:31AM	dendenden	Login
September 24, 2023 03:35:35AM	dendenden	Logout
September 24, 2023 03:53:39AM	dendenden	Login
September 24, 2023 04:37:01AM	dendenden	Login
September 24, 2023 04:40:47AM	dendenden	Login
September 28, 2023 01:45:15AM	dendenden	Login
September 28, 2023 02:55:53AM	dendenden	Login
September 28, 2023 03:38:01AM	dendenden	Login
